# JRE version: OpenJDK Runtime Environment (12.0.2+10) (build 12.0.2+10)
# Java VM: OpenJDK 64-Bit Server VM (12.0.2+10, mixed mode, sharing, tiered, compressed oops, g1 gc, windows-amd64)
Heap:
 garbage-first heap   total 54272K, used 13767K [0x00000000c8c00000, 0x0000000100000000)
  region size 1024K, 1 young (1024K), 1 survivors (1024K)
 Metaspace       used 19605K, capacity 19968K, committed 20096K, reserved 1071104K
  class space    used 2277K, capacity 2423K, committed 2432K, reserved 1048576K
GC Heap History (10 events):
Event: 1.590 GC heap before
{Heap before GC invocations=1 (full 0):
 garbage-first heap   total 57344K, used 13071K [0x00000000c8c00000, 0x0000000100000000)
  region size 1024K, 7 young (7168K), 2 survivors (2048K)
 Metaspace       used 2760K, capacity 5659K, committed 5760K, reserved 1056768K
  class space    used 291K, capacity 568K, committed 640K, reserved 1048576K
}
Event: 1.595 GC heap after
{Heap after GC invocations=2 (full 0):
 garbage-first heap   total 57344K, used 8251K [0x00000000c8c00000, 0x0000000100000000)
  region size 1024K, 1 young (1024K), 1 survivors (1024K)
 Metaspace       used 2760K, capacity 5659K, committed 5760K, reserved 1056768K
  class space    used 291K, capacity 568K, committed 640K, reserved 1048576K
}
Event: 3.054 GC heap before
{Heap before GC invocations=2 (full 0):
 garbage-first heap   total 57344K, used 23611K [0x00000000c8c00000, 0x0000000100000000)
  region size 1024K, 16 young (16384K), 1 survivors (1024K)
 Metaspace       used 5229K, capacity 7162K, committed 7296K, reserved 1056768K
  class space    used 599K, capacity 814K, committed 896K, reserved 1048576K
}
Event: 3.058 GC heap after
{Heap after GC invocations=3 (full 0):
 garbage-first heap   total 57344K, used 8834K [0x00000000c8c00000, 0x0000000100000000)
  region size 1024K, 1 young (1024K), 1 survivors (1024K)
 Metaspace       used 5229K, capacity 7162K, committed 7296K, reserved 1056768K
  class space    used 599K, capacity 814K, committed 896K, reserved 1048576K
}
Event: 3.545 GC heap before
{Heap before GC invocations=3 (full 0):
 garbage-first heap   total 57344K, used 27266K [0x00000000c8c00000, 0x0000000100000000)
  region size 1024K, 20 young (20480K), 1 survivors (1024K)
 Metaspace       used 9092K, capacity 9883K, committed 10240K, reserved 1058816K
  class space    used 1086K, capacity 1171K, committed 1280K, reserved 1048576K
}
Event: 3.551 GC heap after
{Heap after GC invocations=4 (full 0):
 garbage-first heap   total 57344K, used 9529K [0x00000000c8c00000, 0x0000000100000000)
  region size 1024K, 2 young (2048K), 2 survivors (2048K)
 Metaspace       used 9092K, capacity 9883K, committed 10240K, reserved 1058816K
  class space    used 1086K, capacity 1171K, committed 1280K, reserved 1048576K
}
Event: 4.045 GC heap before
{Heap before GC invocations=4 (full 0):
 garbage-first heap   total 57344K, used 28985K [0x00000000c8c00000, 0x0000000100000000)
  region size 1024K, 22 young (22528K), 2 survivors (2048K)
 Metaspace       used 12950K, capacity 13338K, committed 13440K, reserved 1060864K
  class space    used 1506K, capacity 1604K, committed 1664K, reserved 1048576K
}
Event: 4.051 GC heap after
{Heap after GC invocations=5 (full 0):
 garbage-first heap   total 57344K, used 10680K [0x00000000c8c00000, 0x0000000100000000)
  region size 1024K, 3 young (3072K), 3 survivors (3072K)
 Metaspace       used 12950K, capacity 13338K, committed 13440K, reserved 1060864K
  class space    used 1506K, capacity 1604K, committed 1664K, reserved 1048576K
}
Event: 4.094 GC heap before
{Heap before GC invocations=5 (full 0):
 garbage-first heap   total 57344K, used 12728K [0x00000000c8c00000, 0x0000000100000000)
  region size 1024K, 6 young (6144K), 3 survivors (3072K)
 Metaspace       used 13734K, capacity 13992K, committed 14080K, reserved 1067008K
  class space    used 1597K, capacity 1711K, committed 1792K, reserved 1048576K
}
Event: 4.101 GC heap after
{Heap after GC invocations=6 (full 0):
 garbage-first heap   total 57344K, used 11037K [0x00000000c8c00000, 0x0000000100000000)
  region size 1024K, 2 young (2048K), 2 survivors (2048K)
 Metaspace       used 13734K, capacity 13992K, committed 14080K, reserved 1067008K
  class space    used 1597K, capacity 1711K, committed 1792K, reserved 1048576K
}

