# JRE version: OpenJDK Runtime Environment (12.0.2+10) (build 12.0.2+10)
# Java VM: OpenJDK 64-Bit Server VM (12.0.2+10, mixed mode, sharing, tiered, compressed oops, g1 gc, windows-amd64)
Heap:
 garbage-first heap   total 48128K, used 32330K [0x00000000c8c00000, 0x0000000100000000)
  region size 1024K, 20 young (20480K), 2 survivors (2048K)
 Metaspace       used 26578K, capacity 27048K, committed 27136K, reserved 1073152K
  class space    used 3117K, capacity 3275K, committed 3328K, reserved 1048576K
GC Heap History (10 events):
Event: 34.902 GC heap before
{Heap before GC invocations=5 (full 0):
 garbage-first heap   total 57344K, used 35076K [0x00000000c8c00000, 0x0000000100000000)
  region size 1024K, 28 young (28672K), 4 survivors (4096K)
 Metaspace       used 20193K, capacity 20614K, committed 20736K, reserved 1067008K
  class space    used 2366K, capacity 2488K, committed 2560K, reserved 1048576K
}
Event: 34.914 GC heap after
{Heap after GC invocations=6 (full 0):
 garbage-first heap   total 57344K, used 12495K [0x00000000c8c00000, 0x0000000100000000)
  region size 1024K, 4 young (4096K), 4 survivors (4096K)
 Metaspace       used 20193K, capacity 20614K, committed 20736K, reserved 1067008K
  class space    used 2366K, capacity 2488K, committed 2560K, reserved 1048576K
}
Event: 35.024 GC heap before
{Heap before GC invocations=6 (full 0):
 garbage-first heap   total 57344K, used 14543K [0x00000000c8c00000, 0x0000000100000000)
  region size 1024K, 7 young (7168K), 4 survivors (4096K)
 Metaspace       used 20606K, capacity 21062K, committed 21248K, reserved 1069056K
  class space    used 2417K, capacity 2552K, committed 2560K, reserved 1048576K
}
Event: 35.034 GC heap after
{Heap after GC invocations=7 (full 0):
 garbage-first heap   total 57344K, used 12519K [0x00000000c8c00000, 0x0000000100000000)
  region size 1024K, 2 young (2048K), 2 survivors (2048K)
 Metaspace       used 20606K, capacity 21062K, committed 21248K, reserved 1069056K
  class space    used 2417K, capacity 2552K, committed 2560K, reserved 1048576K
}
Event: 36.873 GC heap before
{Heap before GC invocations=8 (full 0):
 garbage-first heap   total 48128K, used 35047K [0x00000000c8c00000, 0x0000000100000000)
  region size 1024K, 24 young (24576K), 2 survivors (2048K)
 Metaspace       used 21607K, capacity 22047K, committed 22144K, reserved 1069056K
  class space    used 2533K, capacity 2687K, committed 2688K, reserved 1048576K
}
Event: 36.885 GC heap after
{Heap after GC invocations=9 (full 0):
 garbage-first heap   total 48128K, used 13397K [0x00000000c8c00000, 0x0000000100000000)
  region size 1024K, 2 young (2048K), 2 survivors (2048K)
 Metaspace       used 21607K, capacity 22047K, committed 22144K, reserved 1069056K
  class space    used 2533K, capacity 2687K, committed 2688K, reserved 1048576K
}
Event: 37.292 GC heap before
{Heap before GC invocations=9 (full 0):
 garbage-first heap   total 48128K, used 29781K [0x00000000c8c00000, 0x0000000100000000)
  region size 1024K, 19 young (19456K), 2 survivors (2048K)
 Metaspace       used 22678K, capacity 23141K, committed 23296K, reserved 1069056K
  class space    used 2644K, capacity 2816K, committed 2816K, reserved 1048576K
}
Event: 37.300 GC heap after
{Heap after GC invocations=10 (full 0):
 garbage-first heap   total 48128K, used 13998K [0x00000000c8c00000, 0x0000000100000000)
  region size 1024K, 2 young (2048K), 2 survivors (2048K)
 Metaspace       used 22678K, capacity 23141K, committed 23296K, reserved 1069056K
  class space    used 2644K, capacity 2816K, committed 2816K, reserved 1048576K
}
Event: 37.745 GC heap before
{Heap before GC invocations=10 (full 0):
 garbage-first heap   total 48128K, used 32430K [0x00000000c8c00000, 0x0000000100000000)
  region size 1024K, 20 young (20480K), 2 survivors (2048K)
 Metaspace       used 23803K, capacity 24272K, committed 24576K, reserved 1071104K
  class space    used 2782K, capacity 2951K, committed 3072K, reserved 1048576K
}
Event: 37.756 GC heap after
{Heap after GC invocations=11 (full 0):
 garbage-first heap   total 48128K, used 14883K [0x00000000c8c00000, 0x0000000100000000)
  region size 1024K, 2 young (2048K), 2 survivors (2048K)
 Metaspace       used 23803K, capacity 24272K, committed 24576K, reserved 1071104K
  class space    used 2782K, capacity 2951K, committed 3072K, reserved 1048576K
}

